<?xml version='1.0' encoding='UTF-8'?>
<test_run>
  <testcase name="Specialisterne">
    <step order="pass">
      <status>passed</status>
      <description>Go to google</description>
      <time></time>
      <error></error>
    </step>
    <step order="pass">
      <status>passed</status>
      <description>Search the word 'Specialisterne'</description>
      <time></time>
      <error></error>
    </step>
    <step order="pass">
      <status>passed</status>
      <description>Go to first link in the results</description>
      <time></time>
      <error></error>
    </step>
    <step order="pass">
      <status>passed</status>
      <description>Close the browser</description>
      <time></time>
      <error></error>
    </step>
  </testcase>
  <testcase name="Amazon">
    <step order="pass">
      <status>passed</status>
      <description>Go to amazon main page</description>
      <time></time>
      <error></error>
    </step>
    <step order="2">
      <status>failed</status>
      <description>Click on hamburguer menu</description>
      <time></time>
      <error>Message: no such element: Unable to locate element: {"method":"xpath","selector":"//*[@id="nav-hamburger-menu"]"}
  (Session info: chrome=69.0.3497.100)
  (Driver info: chromedriver=2.42.591088 (7b2b2dca23cca0862f674758c9a3933e685c27d5),platform=Windows NT 10.0.17134 x86_64)
</error>
    </step>
    <step order="3">
      <status>failed</status>
      <description>click on electronic section</description>
      <time></time>
      <error>Message: no such element: Unable to locate element: {"method":"xpath","selector":"//*[@id="hmenu-content"]/ul[29]/li[11]/a"}
  (Session info: chrome=69.0.3497.100)
  (Driver info: chromedriver=2.42.591088 (7b2b2dca23cca0862f674758c9a3933e685c27d5),platform=Windows NT 10.0.17134 x86_64)
</error>
    </step>
    <step order="4">
      <status>failed</status>
      <description>click on car electronics section</description>
      <time></time>
      <error>Message: no such element: Unable to locate element: {"method":"xpath","selector":"//*[@id="hmenu-content"]/ul[10]/li[10]/a"}
  (Session info: chrome=69.0.3497.100)
  (Driver info: chromedriver=2.42.591088 (7b2b2dca23cca0862f674758c9a3933e685c27d5),platform=Windows NT 10.0.17134 x86_64)
</error>
    </step>
    <step order="5">
      <status>failed</status>
      <description>check page title contains 'Car Electronics'</description>
      <time></time>
      <error></error>
    </step>
    <step order="pass">
      <status>passed</status>
      <description>Close browser</description>
      <time></time>
      <error></error>
    </step>
  </testcase>
  <testcase name="FailTest">
    <step order="pass">
      <status>passed</status>
      <description>There is no description of this step</description>
      <time></time>
      <error></error>
    </step>
    <step order="pass">
      <status>passed</status>
      <description>Search the word 'Hello'</description>
      <time></time>
      <error></error>
    </step>
    <step order="3">
      <status>failed</status>
      <description>check page title contains 'Bye'</description>
      <time></time>
      <error>the page title not contains Bye</error>
    </step>
    <step order="pass">
      <status>passed</status>
      <description>close browser</description>
      <time></time>
      <error></error>
    </step>
  </testcase>
</test_run>
