<?xml version='1.0' encoding='UTF-8'?>
<test_run>
  <testcase name="Specialisterne">
    <step order="1">
      <status>passed</status>
      <time>00:01</time>
      <description>Go to google</description>
      <error></error>
    </step>
    <step order="2">
      <status>passed</status>
      <time>00:03</time>
      <description>Search the word 'Specialisterne'</description>
      <error></error>
    </step>
    <step order="3">
      <status>passed</status>
      <time>00:07</time>
      <description>Go to first link in the results</description>
      <error></error>
    </step>
    <step order="4">
      <status>passed</status>
      <time>00:10</time>
      <description>Close the browser</description>
      <error></error>
    </step>
  </testcase>
  <testcase name="Amazon">
    <step order="1">
      <status>passed</status>
      <time>00:05</time>
      <description>Go to amazon main page</description>
      <error></error>
    </step>
    <step order="2">
      <status>passed</status>
      <time>00:10</time>
      <description>Click on hamburguer menu</description>
      <error></error>
    </step>
    <step order="3">
      <status>passed</status>
      <time>00:10</time>
      <description>click on electronic section</description>
      <error></error>
    </step>
    <step order="4">
      <status>passed</status>
      <time>00:12</time>
      <description>click on car electronics section</description>
      <error></error>
    </step>
    <step order="5">
      <status>passed</status>
      <time>00:12</time>
      <description>check page title contains 'Car Electronics'</description>
      <error></error>
    </step>
    <step order="6">
      <status>passed</status>
      <time>00:14</time>
      <description>Close browser</description>
      <error></error>
    </step>
  </testcase>
  <testcase name="FailTest">
    <step order="1">
      <status>passed</status>
      <time>00:01</time>
      <description>There is no description of this step</description>
      <error></error>
    </step>
    <step order="2">
      <status>passed</status>
      <time>00:03</time>
      <description>Search the word 'Hello'</description>
      <error></error>
    </step>
    <step order="3">
      <status>failed</status>
      <time>00:03</time>
      <description>check page title contains 'Bye'</description>
      <error>the page title not contains Bye</error>
    </step>
    <step order="4">
      <status>passed</status>
      <time>00:05</time>
      <description>close browser</description>
      <error></error>
    </step>
  </testcase>
</test_run>
