<?xml version='1.0' encoding='UTF-8'?>
<test_run>
  <testcase name="Specialisterne">
    <step order="1">
      <status>passed</status>
      <time>00:02</time>
      <description>Go to google</description>
      <error></error>
    </step>
    <step order="2">
      <status>passed</status>
      <time>00:04</time>
      <description>Search the word 'Specialisterne'</description>
      <error></error>
    </step>
    <step order="3">
      <status>passed</status>
      <time>00:08</time>
      <description>Go to first link in the results</description>
      <error></error>
    </step>
    <step order="4">
      <status>passed</status>
      <time>00:11</time>
      <description>Close the browser</description>
      <error></error>
    </step>
  </testcase>
  <testcase name="Amazon">
    <step order="1">
      <status>passed</status>
      <time>00:03</time>
      <description>Go to amazon main page</description>
      <error></error>
    </step>
    <step order="2">
      <status>failed</status>
      <time>00:03</time>
      <description>Click on hamburguer menu</description>
      <error>Message: no such element: Unable to locate element: {"method":"xpath","selector":"//*[@id="nav-hamburger-menu"]"}
  (Session info: chrome=69.0.3497.100)
  (Driver info: chromedriver=2.42.591088 (7b2b2dca23cca0862f674758c9a3933e685c27d5),platform=Windows NT 10.0.17134 x86_64)
</error>
    </step>
    <step order="3">
      <status>failed</status>
      <time>00:06</time>
      <description>click on electronic section</description>
      <error>Message: no such element: Unable to locate element: {"method":"xpath","selector":"//*[@id="hmenu-content"]/ul[29]/li[11]/a"}
  (Session info: chrome=69.0.3497.100)
  (Driver info: chromedriver=2.42.591088 (7b2b2dca23cca0862f674758c9a3933e685c27d5),platform=Windows NT 10.0.17134 x86_64)
</error>
    </step>
    <step order="4">
      <status>failed</status>
      <time>00:06</time>
      <description>click on car electronics section</description>
      <error>Message: no such element: Unable to locate element: {"method":"xpath","selector":"//*[@id="hmenu-content"]/ul[10]/li[10]/a"}
  (Session info: chrome=69.0.3497.100)
  (Driver info: chromedriver=2.42.591088 (7b2b2dca23cca0862f674758c9a3933e685c27d5),platform=Windows NT 10.0.17134 x86_64)
</error>
    </step>
    <step order="5">
      <status>failed</status>
      <time>00:06</time>
      <description>check page title contains 'Car Electronics'</description>
      <error>¯\_(ツ)_/¯</error>
    </step>
    <step order="6">
      <status>passed</status>
      <time>00:08</time>
      <description>Close browser</description>
      <error></error>
    </step>
  </testcase>
  <testcase name="FailTest">
    <step order="1">
      <status>passed</status>
      <time>00:01</time>
      <description>There is no description of this step</description>
      <error></error>
    </step>
    <step order="2">
      <status>passed</status>
      <time>00:03</time>
      <description>Search the word 'Hello'</description>
      <error></error>
    </step>
    <step order="3">
      <status>failed</status>
      <time>00:03</time>
      <description>check page title contains 'Bye'</description>
      <error>the page title not contains Bye</error>
    </step>
    <step order="4">
      <status>passed</status>
      <time>00:05</time>
      <description>close browser</description>
      <error></error>
    </step>
  </testcase>
</test_run>
